<?xml version="1.0" encoding="utf-8"?>
<?AutomationStudio Version="4.5.2.102"?>
<Objects>
  <Object
    Path="C:\Users\Johan\Documents\GitHub\SchoolStuff\Simuleringsopgave_Eksamen\AutomationStudio\PLCEksamen1\Logical\Package.pkg"
    LogicalPath=""
    Type="Package.ParentUnknown"
    LastWriteTime="132334052840789926" />
  <Object
    Path="C:\Users\Johan\Documents\GitHub\SchoolStuff\Simuleringsopgave_Eksamen\AutomationStudio\PLCEksamen1\Logical\Global.typ"
    LogicalPath="Global.typ"
    Type="File"
    LastWriteTime="132334041619777250"
    Private="false" />
  <Object
    Path="C:\Users\Johan\Documents\GitHub\SchoolStuff\Simuleringsopgave_Eksamen\AutomationStudio\PLCEksamen1\Logical\Global.var"
    LogicalPath="Global.var"
    Type="File"
    LastWriteTime="132334041619996790"
    Private="false" />
  <Object
    Path="C:\Users\Johan\Documents\GitHub\SchoolStuff\Simuleringsopgave_Eksamen\AutomationStudio\PLCEksamen1\Logical\Libraries\Package.pkg"
    LogicalPath="Libraries"
    Type="Package"
    LastWriteTime="132335918404569779" />
  <Object
    Path="C:\Users\Johan\Documents\GitHub\SchoolStuff\Simuleringsopgave_Eksamen\AutomationStudio\PLCEksamen1\Logical\Libraries\operator\binary.lby"
    LogicalPath="Libraries.operator"
    Type="Library"
    LastWriteTime="132334041629541320" />
  <Object
    Path="C:\Users\Johan\Documents\GitHub\SchoolStuff\Simuleringsopgave_Eksamen\AutomationStudio\PLCEksamen1\Logical\Libraries\operator\operator.fun"
    LogicalPath="Libraries.operator.operator.fun"
    Type="File"
    LastWriteTime="132334041629441652"
    Private="false" />
  <Object
    Path="C:\Users\Johan\Documents\GitHub\SchoolStuff\Simuleringsopgave_Eksamen\AutomationStudio\PLCEksamen1\Logical\Libraries\operator\operator.typ"
    LogicalPath="Libraries.operator.operator.typ"
    Type="File"
    LastWriteTime="132334041629501423"
    Private="false" />
  <Object
    Path="C:\Users\Johan\Documents\GitHub\SchoolStuff\Simuleringsopgave_Eksamen\AutomationStudio\PLCEksamen1\Logical\Libraries\operator\operator.var"
    LogicalPath="Libraries.operator.operator.var"
    Type="File"
    LastWriteTime="132334041629531329"
    Private="false" />
  <Object
    Path="C:\Users\Johan\Documents\GitHub\SchoolStuff\Simuleringsopgave_Eksamen\AutomationStudio\PLCEksamen1\Logical\Libraries\runtime\binary.lby"
    LogicalPath="Libraries.runtime"
    Type="Library"
    LastWriteTime="132334041634049246" />
  <Object
    Path="C:\Users\Johan\Documents\GitHub\SchoolStuff\Simuleringsopgave_Eksamen\AutomationStudio\PLCEksamen1\Logical\Libraries\runtime\runtime.fun"
    LogicalPath="Libraries.runtime.runtime.fun"
    Type="File"
    LastWriteTime="132334041633849800"
    Private="false" />
  <Object
    Path="C:\Users\Johan\Documents\GitHub\SchoolStuff\Simuleringsopgave_Eksamen\AutomationStudio\PLCEksamen1\Logical\Libraries\runtime\runtime.typ"
    LogicalPath="Libraries.runtime.runtime.typ"
    Type="File"
    LastWriteTime="132334041634009359"
    Private="false" />
  <Object
    Path="C:\Users\Johan\Documents\GitHub\SchoolStuff\Simuleringsopgave_Eksamen\AutomationStudio\PLCEksamen1\Logical\Libraries\runtime\runtime.var"
    LogicalPath="Libraries.runtime.runtime.var"
    Type="File"
    LastWriteTime="132334041634039270"
    Private="false" />
  <Object
    Path="C:\Users\Johan\Documents\GitHub\SchoolStuff\Simuleringsopgave_Eksamen\AutomationStudio\PLCEksamen1\Logical\Libraries\astime\binary.lby"
    LogicalPath="Libraries.astime"
    Type="Library"
    LastWriteTime="132334041638352948" />
  <Object
    Path="C:\Users\Johan\Documents\GitHub\SchoolStuff\Simuleringsopgave_Eksamen\AutomationStudio\PLCEksamen1\Logical\Libraries\astime\astime.fun"
    LogicalPath="Libraries.astime.astime.fun"
    Type="File"
    LastWriteTime="132334041638133473"
    Private="false" />
  <Object
    Path="C:\Users\Johan\Documents\GitHub\SchoolStuff\Simuleringsopgave_Eksamen\AutomationStudio\PLCEksamen1\Logical\Libraries\astime\astime.typ"
    LogicalPath="Libraries.astime.astime.typ"
    Type="File"
    LastWriteTime="132334041638303032"
    Private="false" />
  <Object
    Path="C:\Users\Johan\Documents\GitHub\SchoolStuff\Simuleringsopgave_Eksamen\AutomationStudio\PLCEksamen1\Logical\Libraries\astime\astime.var"
    LogicalPath="Libraries.astime.astime.var"
    Type="File"
    LastWriteTime="132334041638342919"
    Private="false" />
  <Object
    Path="C:\Users\Johan\Documents\GitHub\SchoolStuff\Simuleringsopgave_Eksamen\AutomationStudio\PLCEksamen1\Logical\Libraries\AsIecCon\binary.lby"
    LogicalPath="Libraries.AsIecCon"
    Type="Library"
    LastWriteTime="132334041643040347" />
  <Object
    Path="C:\Users\Johan\Documents\GitHub\SchoolStuff\Simuleringsopgave_Eksamen\AutomationStudio\PLCEksamen1\Logical\Libraries\AsIecCon\AsIecCon.fun"
    LogicalPath="Libraries.AsIecCon.AsIecCon.fun"
    Type="File"
    LastWriteTime="132334041642970545"
    Private="false" />
  <Object
    Path="C:\Users\Johan\Documents\GitHub\SchoolStuff\Simuleringsopgave_Eksamen\AutomationStudio\PLCEksamen1\Logical\Libraries\AsIecCon\AsIecCon.typ"
    LogicalPath="Libraries.AsIecCon.AsIecCon.typ"
    Type="File"
    LastWriteTime="132334041643000473"
    Private="false" />
  <Object
    Path="C:\Users\Johan\Documents\GitHub\SchoolStuff\Simuleringsopgave_Eksamen\AutomationStudio\PLCEksamen1\Logical\Libraries\AsIecCon\AsIecCon.var"
    LogicalPath="Libraries.AsIecCon.AsIecCon.var"
    Type="File"
    LastWriteTime="132334041643030525"
    Private="false" />
  <Object
    Path="C:\Users\Johan\Documents\GitHub\SchoolStuff\Simuleringsopgave_Eksamen\AutomationStudio\PLCEksamen1\Logical\Libraries\standard\binary.lby"
    LogicalPath="Libraries.standard"
    Type="Library"
    LastWriteTime="132335918403113650" />
  <Object
    Path="C:\Users\Johan\Documents\GitHub\SchoolStuff\Simuleringsopgave_Eksamen\AutomationStudio\PLCEksamen1\Logical\Libraries\standard\standard.fun"
    LogicalPath="Libraries.standard.standard.fun"
    Type="File"
    LastWriteTime="132335918402874291"
    Private="false" />
  <Object
    Path="C:\Users\Johan\Documents\GitHub\SchoolStuff\Simuleringsopgave_Eksamen\AutomationStudio\PLCEksamen1\Logical\Libraries\standard\standard.typ"
    LogicalPath="Libraries.standard.standard.typ"
    Type="File"
    LastWriteTime="132335918402944122"
    Private="false" />
  <Object
    Path="C:\Users\Johan\Documents\GitHub\SchoolStuff\Simuleringsopgave_Eksamen\AutomationStudio\PLCEksamen1\Logical\Libraries\standard\standard.var"
    LogicalPath="Libraries.standard.standard.var"
    Type="File"
    LastWriteTime="132335918403033872"
    Private="false" />
  <Object
    Path="C:\Users\Johan\Documents\GitHub\SchoolStuff\Simuleringsopgave_Eksamen\AutomationStudio\PLCEksamen1\Logical\Program\IEC.prg"
    LogicalPath="Program"
    Type="Program"
    LastWriteTime="132334052840699896" />
  <Object
    Path="C:\Users\Johan\Documents\GitHub\SchoolStuff\Simuleringsopgave_Eksamen\AutomationStudio\PLCEksamen1\Logical\Program\Main.st"
    LogicalPath="Program.Main.st"
    Type="File"
    LastWriteTime="132336687570171600"
    Private="false" />
  <Object
    Path="C:\Users\Johan\Documents\GitHub\SchoolStuff\Simuleringsopgave_Eksamen\AutomationStudio\PLCEksamen1\Logical\Program\Types.typ"
    LogicalPath="Program.Types.typ"
    Type="File"
    LastWriteTime="132334180309658866"
    Private="true" />
  <Object
    Path="C:\Users\Johan\Documents\GitHub\SchoolStuff\Simuleringsopgave_Eksamen\AutomationStudio\PLCEksamen1\Logical\Program\Variables.var"
    LogicalPath="Program.Variables.var"
    Type="File"
    LastWriteTime="132336616394772493"
    Private="true" />
  <Object
    Path="C:\Users\Johan\Documents\GitHub\SchoolStuff\Simuleringsopgave_Eksamen\AutomationStudio\PLCEksamen1\Physical\Config1\Config.pkg"
    LogicalPath="Config1"
    Type="Configuration.ParentUnknown"
    LastWriteTime="132334041704830942" />
  <Object
    Path="C:\Users\Johan\Documents\GitHub\SchoolStuff\Simuleringsopgave_Eksamen\AutomationStudio\PLCEksamen1\Physical\Config1\Hardware.hw"
    LogicalPath="Config1.Hardware.hw"
    Type="File"
    LastWriteTime="132336687584547035"
    Private="false" />
  <Object
    Path="C:\Users\Johan\Documents\GitHub\SchoolStuff\Simuleringsopgave_Eksamen\AutomationStudio\PLCEksamen1\Physical\Config1\Hardware.hwl"
    LogicalPath="Config1.Hardware.hwl"
    Type="File"
    LastWriteTime="131865063240000000"
    Private="false" />
  <Object
    Path="C:\Users\Johan\Documents\GitHub\SchoolStuff\Simuleringsopgave_Eksamen\AutomationStudio\PLCEksamen1\Physical\Config1\X20CP1382\Cpu.pkg"
    LogicalPath="Config1.X20CP1382"
    Type="Cpu"
    LastWriteTime="132334041653053808" />
  <Object
    Path="C:\Users\Johan\Documents\GitHub\SchoolStuff\Simuleringsopgave_Eksamen\AutomationStudio\PLCEksamen1\Physical\Config1\X20CP1382\Cpu.sw"
    LogicalPath="Config1.X20CP1382.Cpu.sw"
    Type="File"
    LastWriteTime="132335918414178542"
    Private="false" />
  <Object
    Path="C:\Users\Johan\Documents\GitHub\SchoolStuff\Simuleringsopgave_Eksamen\AutomationStudio\PLCEksamen1\Physical\Config1\X20CP1382\Cpu.per"
    LogicalPath="Config1.X20CP1382.Cpu.per"
    Type="File"
    LastWriteTime="132334041649782827"
    Private="false" />
  <Object
    Path="C:\Users\Johan\Documents\GitHub\SchoolStuff\Simuleringsopgave_Eksamen\AutomationStudio\PLCEksamen1\Physical\Config1\X20CP1382\IoMap.iom"
    LogicalPath="Config1.X20CP1382.IoMap.iom"
    Type="File"
    LastWriteTime="132334041650071566"
    Private="false" />
  <Object
    Path="C:\Users\Johan\Documents\GitHub\SchoolStuff\Simuleringsopgave_Eksamen\AutomationStudio\PLCEksamen1\Physical\Config1\X20CP1382\PvMap.vvm"
    LogicalPath="Config1.X20CP1382.PvMap.vvm"
    Type="File"
    LastWriteTime="132334041650201210"
    Private="false" />
  <Object
    Path="C:\Users\Johan\Documents\GitHub\SchoolStuff\Simuleringsopgave_Eksamen\AutomationStudio\PLCEksamen1\Physical\Config1\X20CP1382\Connectivity\Package.pkg"
    LogicalPath="Config1.X20CP1382.Connectivity"
    Type="Package"
    LastWriteTime="132334041650600129" />
  <Object
    Path="C:\Users\Johan\Documents\GitHub\SchoolStuff\Simuleringsopgave_Eksamen\AutomationStudio\PLCEksamen1\Physical\Config1\X20CP1382\Connectivity\OpcUA\Package.pkg"
    LogicalPath="Config1.X20CP1382.Connectivity.OpcUA"
    Type="Package"
    LastWriteTime="132334041650580209" />
  <Object
    Path="C:\Users\Johan\Documents\GitHub\SchoolStuff\Simuleringsopgave_Eksamen\AutomationStudio\PLCEksamen1\Physical\Config1\X20CP1382\TextSystem\Package.pkg"
    LogicalPath="Config1.X20CP1382.TextSystem"
    Type="Package"
    LastWriteTime="132334041650799617" />
  <Object
    Path="C:\Users\Johan\Documents\GitHub\SchoolStuff\Simuleringsopgave_Eksamen\AutomationStudio\PLCEksamen1\Physical\Config1\X20CP1382\UnitSystem\Package.pkg"
    LogicalPath="Config1.X20CP1382.UnitSystem"
    Type="Package"
    LastWriteTime="132334041650959188" />
  <Object
    Path="C:\Users\Johan\Documents\GitHub\SchoolStuff\Simuleringsopgave_Eksamen\AutomationStudio\PLCEksamen1\Physical\Config1\X20CP1382\AccessAndSecurity\Package.pkg"
    LogicalPath="Config1.X20CP1382.AccessAndSecurity"
    Type="Package"
    LastWriteTime="132334041652136025" />
  <Object
    Path="C:\Users\Johan\Documents\GitHub\SchoolStuff\Simuleringsopgave_Eksamen\AutomationStudio\PLCEksamen1\Physical\Config1\X20CP1382\AccessAndSecurity\UserRoleSystem\Package.pkg"
    LogicalPath="Config1.X20CP1382.AccessAndSecurity.UserRoleSystem"
    Type="Package"
    LastWriteTime="132334041651328186" />
  <Object
    Path="C:\Users\Johan\Documents\GitHub\SchoolStuff\Simuleringsopgave_Eksamen\AutomationStudio\PLCEksamen1\Physical\Config1\X20CP1382\AccessAndSecurity\UserRoleSystem\Role.role"
    LogicalPath="Config1.X20CP1382.AccessAndSecurity.UserRoleSystem.Role.role"
    Type="File"
    LastWriteTime="132334041651208533"
    Private="false" />
  <Object
    Path="C:\Users\Johan\Documents\GitHub\SchoolStuff\Simuleringsopgave_Eksamen\AutomationStudio\PLCEksamen1\Physical\Config1\X20CP1382\AccessAndSecurity\UserRoleSystem\User.user"
    LogicalPath="Config1.X20CP1382.AccessAndSecurity.UserRoleSystem.User.user"
    Type="File"
    LastWriteTime="132334041651318235"
    Private="false" />
  <Object
    Path="C:\Users\Johan\Documents\GitHub\SchoolStuff\Simuleringsopgave_Eksamen\AutomationStudio\PLCEksamen1\Physical\Config1\X20CP1382\AccessAndSecurity\CertificateStore\Package.pkg"
    LogicalPath="Config1.X20CP1382.AccessAndSecurity.CertificateStore"
    Type="Package"
    LastWriteTime="132334041652066223" />
  <Object
    Path="C:\Users\Johan\Documents\GitHub\SchoolStuff\Simuleringsopgave_Eksamen\AutomationStudio\PLCEksamen1\Physical\Config1\X20CP1382\AccessAndSecurity\CertificateStore\OwnCertificates\Package.pkg"
    LogicalPath="Config1.X20CP1382.AccessAndSecurity.CertificateStore.OwnCertificates"
    Type="Package"
    LastWriteTime="132334041651647651" />
  <Object
    Path="C:\Users\Johan\Documents\GitHub\SchoolStuff\Simuleringsopgave_Eksamen\AutomationStudio\PLCEksamen1\Physical\Config1\X20CP1382\AccessAndSecurity\CertificateStore\OwnCertificates\Certificates\Package.pkg"
    LogicalPath="Config1.X20CP1382.AccessAndSecurity.CertificateStore.OwnCertificates.Certificates"
    Type="Package"
    LastWriteTime="132334041651507767" />
  <Object
    Path="C:\Users\Johan\Documents\GitHub\SchoolStuff\Simuleringsopgave_Eksamen\AutomationStudio\PLCEksamen1\Physical\Config1\X20CP1382\AccessAndSecurity\CertificateStore\OwnCertificates\PrivateKeys\Package.pkg"
    LogicalPath="Config1.X20CP1382.AccessAndSecurity.CertificateStore.OwnCertificates.PrivateKeys"
    Type="Package"
    LastWriteTime="132334041651637377" />
  <Object
    Path="C:\Users\Johan\Documents\GitHub\SchoolStuff\Simuleringsopgave_Eksamen\AutomationStudio\PLCEksamen1\Physical\Config1\X20CP1382\AccessAndSecurity\CertificateStore\ThirdPartyCertificates\Package.pkg"
    LogicalPath="Config1.X20CP1382.AccessAndSecurity.CertificateStore.ThirdPartyCertificates"
    Type="Package"
    LastWriteTime="132334041651816919" />
  <Object
    Path="C:\Users\Johan\Documents\GitHub\SchoolStuff\Simuleringsopgave_Eksamen\AutomationStudio\PLCEksamen1\Physical\Config1\X20CP1382\AccessAndSecurity\CertificateStore\ThirdPartyCertificates\SoftwareCertificates\Package.pkg"
    LogicalPath="Config1.X20CP1382.AccessAndSecurity.CertificateStore.ThirdPartyCertificates.SoftwareCertificates"
    Type="Package"
    LastWriteTime="132334041651797109" />
  <Object
    Path="C:\Users\Johan\Documents\GitHub\SchoolStuff\Simuleringsopgave_Eksamen\AutomationStudio\PLCEksamen1\Physical\Config1\X20CP1382\AccessAndSecurity\CertificateStore\CertificateRevocationLists\Package.pkg"
    LogicalPath="Config1.X20CP1382.AccessAndSecurity.CertificateStore.CertificateRevocationLists"
    Type="Package"
    LastWriteTime="132334041651936579" />
  <Object
    Path="C:\Users\Johan\Documents\GitHub\SchoolStuff\Simuleringsopgave_Eksamen\AutomationStudio\PLCEksamen1\Physical\Config1\X20CP1382\AccessAndSecurity\CertificateStore\CertificateSigningRequests\Package.pkg"
    LogicalPath="Config1.X20CP1382.AccessAndSecurity.CertificateStore.CertificateSigningRequests"
    Type="Package"
    LastWriteTime="132334041652046264" />
  <Object
    Path="C:\Users\Johan\Documents\GitHub\SchoolStuff\Simuleringsopgave_Eksamen\AutomationStudio\PLCEksamen1\Physical\Config1\X20CP1382\AccessAndSecurity\TransportLayerSecurity\Package.pkg"
    LogicalPath="Config1.X20CP1382.AccessAndSecurity.TransportLayerSecurity"
    Type="Package"
    LastWriteTime="132334041652116293" />
  <Object
    Path="C:\Users\Johan\Documents\GitHub\SchoolStuff\Simuleringsopgave_Eksamen\AutomationStudio\PLCEksamen1\Physical\Config1\X20CP1382\mappControl\Package.pkg"
    LogicalPath="Config1.X20CP1382.mappControl"
    Type="Package"
    LastWriteTime="132334041652275661" />
  <Object
    Path="C:\Users\Johan\Documents\GitHub\SchoolStuff\Simuleringsopgave_Eksamen\AutomationStudio\PLCEksamen1\Physical\Config1\X20CP1382\mappMotion\Package.pkg"
    LogicalPath="Config1.X20CP1382.mappMotion"
    Type="Package"
    LastWriteTime="132334041652465147" />
  <Object
    Path="C:\Users\Johan\Documents\GitHub\SchoolStuff\Simuleringsopgave_Eksamen\AutomationStudio\PLCEksamen1\Physical\Config1\X20CP1382\mappServices\Package.pkg"
    LogicalPath="Config1.X20CP1382.mappServices"
    Type="Package"
    LastWriteTime="132334041652634814" />
  <Object
    Path="C:\Users\Johan\Documents\GitHub\SchoolStuff\Simuleringsopgave_Eksamen\AutomationStudio\PLCEksamen1\Physical\Config1\X20CP1382\mappView\Package.pkg"
    LogicalPath="Config1.X20CP1382.mappView"
    Type="Package"
    LastWriteTime="132334041652804285" />
  <Object
    Path="C:\Users\Johan\Documents\GitHub\SchoolStuff\Simuleringsopgave_Eksamen\AutomationStudio\PLCEksamen1\Physical\Config1\X20CP1382\mappCockpit\Package.pkg"
    LogicalPath="Config1.X20CP1382.mappCockpit"
    Type="Package"
    LastWriteTime="132334041652973811" />
  <Object
    Path="C:\Users\Johan\Documents\GitHub\SchoolStuff\Simuleringsopgave_Eksamen\AutomationStudio\PLCEksamen1\Physical\Config1\Hardware.jpg"
    LogicalPath="Config1.Hardware.jpg"
    Type="File"
    LastWriteTime="132336133701983080"
    Private="false" />
</Objects>