<?xml version="1.0" encoding="utf-8"?>
<?AutomationStudio Version="4.7.2.98"?>
<Objects>
  <Object
    Path="C:\Users\madsw\Documents\GitHub\SchoolStuff\Simuleringsopgave_2\AutomationStudio\Sortering_af_Kasser_med_robot1\Logical\Package.pkg"
    LogicalPath=""
    Type="Package.ParentUnknown"
    LastWriteTime="132301284420000000" />
  <Object
    Path="C:\Users\madsw\Documents\GitHub\SchoolStuff\Simuleringsopgave_2\AutomationStudio\Sortering_af_Kasser_med_robot1\Logical\Global.typ"
    LogicalPath="Global.typ"
    Type="File"
    LastWriteTime="132301283380000000"
    Private="false" />
  <Object
    Path="C:\Users\madsw\Documents\GitHub\SchoolStuff\Simuleringsopgave_2\AutomationStudio\Sortering_af_Kasser_med_robot1\Logical\Global.var"
    LogicalPath="Global.var"
    Type="File"
    LastWriteTime="132301283380000000"
    Private="false" />
  <Object
    Path="C:\Users\madsw\Documents\GitHub\SchoolStuff\Simuleringsopgave_2\AutomationStudio\Sortering_af_Kasser_med_robot1\Logical\Libraries\Package.pkg"
    LogicalPath="Libraries"
    Type="Package"
    LastWriteTime="132301294560000000" />
  <Object
    Path="C:\Users\madsw\Documents\GitHub\SchoolStuff\Simuleringsopgave_2\AutomationStudio\Sortering_af_Kasser_med_robot1\Logical\Libraries\operator\binary.lby"
    LogicalPath="Libraries.operator"
    Type="Library"
    LastWriteTime="132301283460000000" />
  <Object
    Path="C:\Users\madsw\Documents\GitHub\SchoolStuff\Simuleringsopgave_2\AutomationStudio\Sortering_af_Kasser_med_robot1\Logical\Libraries\operator\operator.fun"
    LogicalPath="Libraries.operator.operator.fun"
    Type="File"
    LastWriteTime="132301283460000000"
    Private="false" />
  <Object
    Path="C:\Users\madsw\Documents\GitHub\SchoolStuff\Simuleringsopgave_2\AutomationStudio\Sortering_af_Kasser_med_robot1\Logical\Libraries\operator\operator.typ"
    LogicalPath="Libraries.operator.operator.typ"
    Type="File"
    LastWriteTime="132301283460000000"
    Private="false" />
  <Object
    Path="C:\Users\madsw\Documents\GitHub\SchoolStuff\Simuleringsopgave_2\AutomationStudio\Sortering_af_Kasser_med_robot1\Logical\Libraries\operator\operator.var"
    LogicalPath="Libraries.operator.operator.var"
    Type="File"
    LastWriteTime="132301283460000000"
    Private="false" />
  <Object
    Path="C:\Users\madsw\Documents\GitHub\SchoolStuff\Simuleringsopgave_2\AutomationStudio\Sortering_af_Kasser_med_robot1\Logical\Libraries\runtime\binary.lby"
    LogicalPath="Libraries.runtime"
    Type="Library"
    LastWriteTime="132301283460000000" />
  <Object
    Path="C:\Users\madsw\Documents\GitHub\SchoolStuff\Simuleringsopgave_2\AutomationStudio\Sortering_af_Kasser_med_robot1\Logical\Libraries\runtime\runtime.fun"
    LogicalPath="Libraries.runtime.runtime.fun"
    Type="File"
    LastWriteTime="132301283460000000"
    Private="false" />
  <Object
    Path="C:\Users\madsw\Documents\GitHub\SchoolStuff\Simuleringsopgave_2\AutomationStudio\Sortering_af_Kasser_med_robot1\Logical\Libraries\runtime\runtime.typ"
    LogicalPath="Libraries.runtime.runtime.typ"
    Type="File"
    LastWriteTime="132301283460000000"
    Private="false" />
  <Object
    Path="C:\Users\madsw\Documents\GitHub\SchoolStuff\Simuleringsopgave_2\AutomationStudio\Sortering_af_Kasser_med_robot1\Logical\Libraries\runtime\runtime.var"
    LogicalPath="Libraries.runtime.runtime.var"
    Type="File"
    LastWriteTime="132301283460000000"
    Private="false" />
  <Object
    Path="C:\Users\madsw\Documents\GitHub\SchoolStuff\Simuleringsopgave_2\AutomationStudio\Sortering_af_Kasser_med_robot1\Logical\Libraries\astime\binary.lby"
    LogicalPath="Libraries.astime"
    Type="Library"
    LastWriteTime="132301283480000000" />
  <Object
    Path="C:\Users\madsw\Documents\GitHub\SchoolStuff\Simuleringsopgave_2\AutomationStudio\Sortering_af_Kasser_med_robot1\Logical\Libraries\astime\astime.fun"
    LogicalPath="Libraries.astime.astime.fun"
    Type="File"
    LastWriteTime="132301283480000000"
    Private="false" />
  <Object
    Path="C:\Users\madsw\Documents\GitHub\SchoolStuff\Simuleringsopgave_2\AutomationStudio\Sortering_af_Kasser_med_robot1\Logical\Libraries\astime\astime.typ"
    LogicalPath="Libraries.astime.astime.typ"
    Type="File"
    LastWriteTime="132301283480000000"
    Private="false" />
  <Object
    Path="C:\Users\madsw\Documents\GitHub\SchoolStuff\Simuleringsopgave_2\AutomationStudio\Sortering_af_Kasser_med_robot1\Logical\Libraries\astime\astime.var"
    LogicalPath="Libraries.astime.astime.var"
    Type="File"
    LastWriteTime="132301283480000000"
    Private="false" />
  <Object
    Path="C:\Users\madsw\Documents\GitHub\SchoolStuff\Simuleringsopgave_2\AutomationStudio\Sortering_af_Kasser_med_robot1\Logical\Libraries\AsIecCon\binary.lby"
    LogicalPath="Libraries.AsIecCon"
    Type="Library"
    LastWriteTime="132301283480000000" />
  <Object
    Path="C:\Users\madsw\Documents\GitHub\SchoolStuff\Simuleringsopgave_2\AutomationStudio\Sortering_af_Kasser_med_robot1\Logical\Libraries\AsIecCon\AsIecCon.fun"
    LogicalPath="Libraries.AsIecCon.AsIecCon.fun"
    Type="File"
    LastWriteTime="132301283480000000"
    Private="false" />
  <Object
    Path="C:\Users\madsw\Documents\GitHub\SchoolStuff\Simuleringsopgave_2\AutomationStudio\Sortering_af_Kasser_med_robot1\Logical\Libraries\AsIecCon\AsIecCon.typ"
    LogicalPath="Libraries.AsIecCon.AsIecCon.typ"
    Type="File"
    LastWriteTime="132301283480000000"
    Private="false" />
  <Object
    Path="C:\Users\madsw\Documents\GitHub\SchoolStuff\Simuleringsopgave_2\AutomationStudio\Sortering_af_Kasser_med_robot1\Logical\Libraries\AsIecCon\AsIecCon.var"
    LogicalPath="Libraries.AsIecCon.AsIecCon.var"
    Type="File"
    LastWriteTime="132301283480000000"
    Private="false" />
  <Object
    Path="C:\Users\madsw\Documents\GitHub\SchoolStuff\Simuleringsopgave_2\AutomationStudio\Sortering_af_Kasser_med_robot1\Logical\Libraries\standard\binary.lby"
    LogicalPath="Libraries.standard"
    Type="Library"
    LastWriteTime="132301294560000000" />
  <Object
    Path="C:\Users\madsw\Documents\GitHub\SchoolStuff\Simuleringsopgave_2\AutomationStudio\Sortering_af_Kasser_med_robot1\Logical\Libraries\standard\standard.fun"
    LogicalPath="Libraries.standard.standard.fun"
    Type="File"
    LastWriteTime="132301294560000000"
    Private="false" />
  <Object
    Path="C:\Users\madsw\Documents\GitHub\SchoolStuff\Simuleringsopgave_2\AutomationStudio\Sortering_af_Kasser_med_robot1\Logical\Libraries\standard\standard.typ"
    LogicalPath="Libraries.standard.standard.typ"
    Type="File"
    LastWriteTime="132301294560000000"
    Private="false" />
  <Object
    Path="C:\Users\madsw\Documents\GitHub\SchoolStuff\Simuleringsopgave_2\AutomationStudio\Sortering_af_Kasser_med_robot1\Logical\Libraries\standard\standard.var"
    LogicalPath="Libraries.standard.standard.var"
    Type="File"
    LastWriteTime="132301294560000000"
    Private="false" />
  <Object
    Path="C:\Users\madsw\Documents\GitHub\SchoolStuff\Simuleringsopgave_2\AutomationStudio\Sortering_af_Kasser_med_robot1\Logical\Controller\IEC.prg"
    LogicalPath="Controller"
    Type="Program"
    LastWriteTime="132301284300000000" />
  <Object
    Path="C:\Users\madsw\Documents\GitHub\SchoolStuff\Simuleringsopgave_2\AutomationStudio\Sortering_af_Kasser_med_robot1\Logical\Controller\Main.st"
    LogicalPath="Controller.Main.st"
    Type="File"
    LastWriteTime="132332318192997711"
    Private="false" />
  <Object
    Path="C:\Users\madsw\Documents\GitHub\SchoolStuff\Simuleringsopgave_2\AutomationStudio\Sortering_af_Kasser_med_robot1\Logical\Controller\Types.typ"
    LogicalPath="Controller.Types.typ"
    Type="File"
    LastWriteTime="132301284300000000"
    Private="true" />
  <Object
    Path="C:\Users\madsw\Documents\GitHub\SchoolStuff\Simuleringsopgave_2\AutomationStudio\Sortering_af_Kasser_med_robot1\Logical\Controller\Variables.var"
    LogicalPath="Controller.Variables.var"
    Type="File"
    LastWriteTime="132301394560000000"
    Private="true" />
  <Object
    Path="C:\Users\madsw\Documents\GitHub\SchoolStuff\Simuleringsopgave_2\AutomationStudio\Sortering_af_Kasser_med_robot1\Physical\Config1\Config.pkg"
    LogicalPath="Config1"
    Type="Configuration.ParentUnknown"
    LastWriteTime="132301283540000000" />
  <Object
    Path="C:\Users\madsw\Documents\GitHub\SchoolStuff\Simuleringsopgave_2\AutomationStudio\Sortering_af_Kasser_med_robot1\Physical\Config1\Hardware.hw"
    LogicalPath="Config1.Hardware.hw"
    Type="File"
    LastWriteTime="132330810143730853"
    Private="false" />
  <Object
    Path="C:\Users\madsw\Documents\GitHub\SchoolStuff\Simuleringsopgave_2\AutomationStudio\Sortering_af_Kasser_med_robot1\Physical\Config1\Hardware.hwl"
    LogicalPath="Config1.Hardware.hwl"
    Type="File"
    LastWriteTime="132331014058887266"
    Private="false" />
  <Object
    Path="C:\Users\madsw\Documents\GitHub\SchoolStuff\Simuleringsopgave_2\AutomationStudio\Sortering_af_Kasser_med_robot1\Physical\Config1\X20CP1382\Cpu.pkg"
    LogicalPath="Config1.X20CP1382"
    Type="Cpu"
    LastWriteTime="132301283500000000" />
  <Object
    Path="C:\Users\madsw\Documents\GitHub\SchoolStuff\Simuleringsopgave_2\AutomationStudio\Sortering_af_Kasser_med_robot1\Physical\Config1\X20CP1382\Cpu.sw"
    LogicalPath="Config1.X20CP1382.Cpu.sw"
    Type="File"
    LastWriteTime="132301294560000000"
    Private="false" />
  <Object
    Path="C:\Users\madsw\Documents\GitHub\SchoolStuff\Simuleringsopgave_2\AutomationStudio\Sortering_af_Kasser_med_robot1\Physical\Config1\X20CP1382\Cpu.per"
    LogicalPath="Config1.X20CP1382.Cpu.per"
    Type="File"
    LastWriteTime="132301283500000000"
    Private="false" />
  <Object
    Path="C:\Users\madsw\Documents\GitHub\SchoolStuff\Simuleringsopgave_2\AutomationStudio\Sortering_af_Kasser_med_robot1\Physical\Config1\X20CP1382\IoMap.iom"
    LogicalPath="Config1.X20CP1382.IoMap.iom"
    Type="File"
    LastWriteTime="132301283500000000"
    Private="false" />
  <Object
    Path="C:\Users\madsw\Documents\GitHub\SchoolStuff\Simuleringsopgave_2\AutomationStudio\Sortering_af_Kasser_med_robot1\Physical\Config1\X20CP1382\PvMap.vvm"
    LogicalPath="Config1.X20CP1382.PvMap.vvm"
    Type="File"
    LastWriteTime="132301283500000000"
    Private="false" />
  <Object
    Path="C:\Users\madsw\Documents\GitHub\SchoolStuff\Simuleringsopgave_2\AutomationStudio\Sortering_af_Kasser_med_robot1\Physical\Config1\X20CP1382\Connectivity\Package.pkg"
    LogicalPath="Config1.X20CP1382.Connectivity"
    Type="Package"
    LastWriteTime="132301283500000000" />
  <Object
    Path="C:\Users\madsw\Documents\GitHub\SchoolStuff\Simuleringsopgave_2\AutomationStudio\Sortering_af_Kasser_med_robot1\Physical\Config1\X20CP1382\Connectivity\OpcUA\Package.pkg"
    LogicalPath="Config1.X20CP1382.Connectivity.OpcUA"
    Type="Package"
    LastWriteTime="132301283500000000" />
  <Object
    Path="C:\Users\madsw\Documents\GitHub\SchoolStuff\Simuleringsopgave_2\AutomationStudio\Sortering_af_Kasser_med_robot1\Physical\Config1\X20CP1382\TextSystem\Package.pkg"
    LogicalPath="Config1.X20CP1382.TextSystem"
    Type="Package"
    LastWriteTime="132301283500000000" />
  <Object
    Path="C:\Users\madsw\Documents\GitHub\SchoolStuff\Simuleringsopgave_2\AutomationStudio\Sortering_af_Kasser_med_robot1\Physical\Config1\X20CP1382\UnitSystem\Package.pkg"
    LogicalPath="Config1.X20CP1382.UnitSystem"
    Type="Package"
    LastWriteTime="132301283500000000" />
  <Object
    Path="C:\Users\madsw\Documents\GitHub\SchoolStuff\Simuleringsopgave_2\AutomationStudio\Sortering_af_Kasser_med_robot1\Physical\Config1\X20CP1382\AccessAndSecurity\Package.pkg"
    LogicalPath="Config1.X20CP1382.AccessAndSecurity"
    Type="Package"
    LastWriteTime="132301283500000000" />
  <Object
    Path="C:\Users\madsw\Documents\GitHub\SchoolStuff\Simuleringsopgave_2\AutomationStudio\Sortering_af_Kasser_med_robot1\Physical\Config1\X20CP1382\AccessAndSecurity\UserRoleSystem\Package.pkg"
    LogicalPath="Config1.X20CP1382.AccessAndSecurity.UserRoleSystem"
    Type="Package"
    LastWriteTime="132301283500000000" />
  <Object
    Path="C:\Users\madsw\Documents\GitHub\SchoolStuff\Simuleringsopgave_2\AutomationStudio\Sortering_af_Kasser_med_robot1\Physical\Config1\X20CP1382\AccessAndSecurity\UserRoleSystem\Role.role"
    LogicalPath="Config1.X20CP1382.AccessAndSecurity.UserRoleSystem.Role.role"
    Type="File"
    LastWriteTime="132301283500000000"
    Private="false" />
  <Object
    Path="C:\Users\madsw\Documents\GitHub\SchoolStuff\Simuleringsopgave_2\AutomationStudio\Sortering_af_Kasser_med_robot1\Physical\Config1\X20CP1382\AccessAndSecurity\UserRoleSystem\User.user"
    LogicalPath="Config1.X20CP1382.AccessAndSecurity.UserRoleSystem.User.user"
    Type="File"
    LastWriteTime="132301283500000000"
    Private="false" />
  <Object
    Path="C:\Users\madsw\Documents\GitHub\SchoolStuff\Simuleringsopgave_2\AutomationStudio\Sortering_af_Kasser_med_robot1\Physical\Config1\X20CP1382\AccessAndSecurity\CertificateStore\Package.pkg"
    LogicalPath="Config1.X20CP1382.AccessAndSecurity.CertificateStore"
    Type="Package"
    LastWriteTime="132301283500000000" />
  <Object
    Path="C:\Users\madsw\Documents\GitHub\SchoolStuff\Simuleringsopgave_2\AutomationStudio\Sortering_af_Kasser_med_robot1\Physical\Config1\X20CP1382\AccessAndSecurity\CertificateStore\OwnCertificates\Package.pkg"
    LogicalPath="Config1.X20CP1382.AccessAndSecurity.CertificateStore.OwnCertificates"
    Type="Package"
    LastWriteTime="132301283500000000" />
  <Object
    Path="C:\Users\madsw\Documents\GitHub\SchoolStuff\Simuleringsopgave_2\AutomationStudio\Sortering_af_Kasser_med_robot1\Physical\Config1\X20CP1382\AccessAndSecurity\CertificateStore\OwnCertificates\Certificates\Package.pkg"
    LogicalPath="Config1.X20CP1382.AccessAndSecurity.CertificateStore.OwnCertificates.Certificates"
    Type="Package"
    LastWriteTime="132301283500000000" />
  <Object
    Path="C:\Users\madsw\Documents\GitHub\SchoolStuff\Simuleringsopgave_2\AutomationStudio\Sortering_af_Kasser_med_robot1\Physical\Config1\X20CP1382\AccessAndSecurity\CertificateStore\OwnCertificates\PrivateKeys\Package.pkg"
    LogicalPath="Config1.X20CP1382.AccessAndSecurity.CertificateStore.OwnCertificates.PrivateKeys"
    Type="Package"
    LastWriteTime="132301283500000000" />
  <Object
    Path="C:\Users\madsw\Documents\GitHub\SchoolStuff\Simuleringsopgave_2\AutomationStudio\Sortering_af_Kasser_med_robot1\Physical\Config1\X20CP1382\AccessAndSecurity\CertificateStore\ThirdPartyCertificates\Package.pkg"
    LogicalPath="Config1.X20CP1382.AccessAndSecurity.CertificateStore.ThirdPartyCertificates"
    Type="Package"
    LastWriteTime="132301283500000000" />
  <Object
    Path="C:\Users\madsw\Documents\GitHub\SchoolStuff\Simuleringsopgave_2\AutomationStudio\Sortering_af_Kasser_med_robot1\Physical\Config1\X20CP1382\AccessAndSecurity\CertificateStore\ThirdPartyCertificates\SoftwareCertificates\Package.pkg"
    LogicalPath="Config1.X20CP1382.AccessAndSecurity.CertificateStore.ThirdPartyCertificates.SoftwareCertificates"
    Type="Package"
    LastWriteTime="132301283500000000" />
  <Object
    Path="C:\Users\madsw\Documents\GitHub\SchoolStuff\Simuleringsopgave_2\AutomationStudio\Sortering_af_Kasser_med_robot1\Physical\Config1\X20CP1382\AccessAndSecurity\CertificateStore\CertificateRevocationLists\Package.pkg"
    LogicalPath="Config1.X20CP1382.AccessAndSecurity.CertificateStore.CertificateRevocationLists"
    Type="Package"
    LastWriteTime="132301283500000000" />
  <Object
    Path="C:\Users\madsw\Documents\GitHub\SchoolStuff\Simuleringsopgave_2\AutomationStudio\Sortering_af_Kasser_med_robot1\Physical\Config1\X20CP1382\AccessAndSecurity\CertificateStore\CertificateSigningRequests\Package.pkg"
    LogicalPath="Config1.X20CP1382.AccessAndSecurity.CertificateStore.CertificateSigningRequests"
    Type="Package"
    LastWriteTime="132301283500000000" />
  <Object
    Path="C:\Users\madsw\Documents\GitHub\SchoolStuff\Simuleringsopgave_2\AutomationStudio\Sortering_af_Kasser_med_robot1\Physical\Config1\X20CP1382\AccessAndSecurity\TransportLayerSecurity\Package.pkg"
    LogicalPath="Config1.X20CP1382.AccessAndSecurity.TransportLayerSecurity"
    Type="Package"
    LastWriteTime="132301283500000000" />
  <Object
    Path="C:\Users\madsw\Documents\GitHub\SchoolStuff\Simuleringsopgave_2\AutomationStudio\Sortering_af_Kasser_med_robot1\Physical\Config1\X20CP1382\AccessAndSecurity\Firewall\Package.pkg"
    LogicalPath="Config1.X20CP1382.AccessAndSecurity.Firewall"
    Type="Package"
    LastWriteTime="132301283500000000" />
  <Object
    Path="C:\Users\madsw\Documents\GitHub\SchoolStuff\Simuleringsopgave_2\AutomationStudio\Sortering_af_Kasser_med_robot1\Physical\Config1\X20CP1382\AccessAndSecurity\Firewall\Rules.firewallRules"
    LogicalPath="Config1.X20CP1382.AccessAndSecurity.Firewall.Rules.firewallRules"
    Type="File"
    LastWriteTime="132301283500000000"
    Private="false" />
  <Object
    Path="C:\Users\madsw\Documents\GitHub\SchoolStuff\Simuleringsopgave_2\AutomationStudio\Sortering_af_Kasser_med_robot1\Physical\Config1\X20CP1382\mappControl\Package.pkg"
    LogicalPath="Config1.X20CP1382.mappControl"
    Type="Package"
    LastWriteTime="132301283500000000" />
  <Object
    Path="C:\Users\madsw\Documents\GitHub\SchoolStuff\Simuleringsopgave_2\AutomationStudio\Sortering_af_Kasser_med_robot1\Physical\Config1\X20CP1382\mappMotion\Package.pkg"
    LogicalPath="Config1.X20CP1382.mappMotion"
    Type="Package"
    LastWriteTime="132301283500000000" />
  <Object
    Path="C:\Users\madsw\Documents\GitHub\SchoolStuff\Simuleringsopgave_2\AutomationStudio\Sortering_af_Kasser_med_robot1\Physical\Config1\X20CP1382\mappServices\Package.pkg"
    LogicalPath="Config1.X20CP1382.mappServices"
    Type="Package"
    LastWriteTime="132301283500000000" />
  <Object
    Path="C:\Users\madsw\Documents\GitHub\SchoolStuff\Simuleringsopgave_2\AutomationStudio\Sortering_af_Kasser_med_robot1\Physical\Config1\X20CP1382\mappView\Package.pkg"
    LogicalPath="Config1.X20CP1382.mappView"
    Type="Package"
    LastWriteTime="132301283500000000" />
  <Object
    Path="C:\Users\madsw\Documents\GitHub\SchoolStuff\Simuleringsopgave_2\AutomationStudio\Sortering_af_Kasser_med_robot1\Physical\Config1\X20CP1382\mappCockpit\Package.pkg"
    LogicalPath="Config1.X20CP1382.mappCockpit"
    Type="Package"
    LastWriteTime="132301283500000000" />
  <Object
    Path="C:\Users\madsw\Documents\GitHub\SchoolStuff\Simuleringsopgave_2\AutomationStudio\Sortering_af_Kasser_med_robot1\Physical\Config1\Hardware.jpg"
    LogicalPath="Config1.Hardware.jpg"
    Type="File"
    LastWriteTime="132331014059027077"
    Private="false" />
</Objects>